18:11:45: Creating resource group General
18:11:45: Creating resource group Internal
18:11:45: Creating resource group Autodetect
18:11:45: Registering ResourceManager for type Material
18:11:45: Registering ResourceManager for type Skeleton
18:11:45: Registering ResourceManager for type Mesh
18:11:45: MeshSerializer writing mesh data to stream ...
18:11:45: File header written.
18:11:45: Writing mesh data...
18:11:45: Writing submesh...
18:11:45: Exporting submesh texture aliases...
18:11:45: Submesh texture aliases exported.
18:11:45: Submesh exported.
18:11:45: Writing submesh...
18:11:45: Exporting submesh texture aliases...
18:11:45: Submesh texture aliases exported.
18:11:45: Submesh exported.
18:11:45: Exporting bounds information....
18:11:45: Bounds information exported.
18:11:45: Exporting submesh name table...
18:11:45: Submesh name table exported.
18:11:45: Exporting edge lists...
18:11:45: Edge lists exported
18:11:45: Mesh data exported.
18:11:45: MeshSerializer export successful.
18:11:45: Unregistering ResourceManager for type Mesh
18:11:45: Unregistering ResourceManager for type Skeleton
18:11:45: Unregistering ResourceManager for type Material
